<?xml version="1.0" encoding="UTF-8"?>
<testsuite name="tests.firstTest.FirstTest" tests="1" skipped="0" failures="0" errors="0" timestamp="2022-12-14T09:06:39" hostname="LAPTOP-1UOM27O7" time="4.99">
  <properties/>
  <testcase name="openDropMain" classname="tests.firstTest.FirstTest" time="4.99"/>
  <system-out><![CDATA[]]></system-out>
  <system-err><![CDATA[Starting ChromeDriver 108.0.5359.71 (1e0e3868ee06e91ad636a874420e3ca3ae3756ac-refs/branch-heads/5359@{#1016}) on port 35386
Only local connections are allowed.
Please see https://chromedriver.chromium.org/security-considerations for suggestions on keeping ChromeDriver safe.
ChromeDriver was started successfully.
дек. 14, 2022 9:06:41 AM org.openqa.selenium.remote.ProtocolHandshake createSession
INFO: Detected dialect: W3C
]]></system-err>
</testsuite>
